2017-10-24 20:30:21 denis Logged in with admin pass:  
2017-10-24 20:32:26 denis User logged out 
2017-10-24 20:32:34 osin Logged in with admin pass:  
2017-10-24 20:37:41 osin User logged out 
2017-10-24 20:37:50 denis Logged in with admin pass:  
2017-10-24 22:43:21 denis Logged in with admin pass:  
2017-10-25 21:15:08 denis Logged in with admin pass:  
2017-10-26 00:11:39 denis User logged out 
2017-10-26 00:11:48 osin Logged in with admin pass:  
2017-10-26 00:13:20 osin User logged out 
2017-10-26 00:13:30 kvd Logged in with admin pass:  
2017-10-26 00:18:18 kvd User logged out 
2017-10-26 00:23:41 kvd Logged in with admin pass:  
2017-10-26 00:25:38 kvd Latex ERROR:  This is pdfeTeX, Version 3.141592-1.21a
2017-10-26 00:30:08 kvd Latex ERROR:  This is pdfeTeX, Version 3.141592-1.21a
2017-10-26 00:30:22 kvd Latex ERROR:  This is pdfeTeX, Version 3.141592-1.21a
2017-10-26 00:30:41 kvd Latex ERROR:  This is pdfeTeX, Version 3.141592-1.21a
2017-10-26 00:30:55 kvd Latex ERROR:  This is pdfeTeX, Version 3.141592-1.21a
2017-10-26 00:31:25 kvd Latex ERROR:  This is pdfeTeX, Version 3.141592-1.21a
2017-10-26 00:31:50 kvd Latex ERROR:  This is pdfeTeX, Version 3.141592-1.21a
2017-10-26 00:32:13 kvd Latex ERROR:  This is pdfeTeX, Version 3.141592-1.21a
2017-10-26 00:32:31 kvd User logged out 
2017-10-26 00:32:50 osin Logged in with admin pass:  
2017-10-26 00:32:55 osin Latex ERROR:  This is pdfeTeX, Version 3.141592-1.21a
2017-10-26 00:35:35 osin Latex ERROR:  This is pdfeTeX, Version 3.141592-1.21a
2017-10-26 00:37:03 osin Latex ERROR:  This is pdfeTeX, Version 3.141592-1.21a
2017-10-26 00:39:08 osin User logged out 
2017-10-26 00:39:19 kvd Logged in with admin pass:  
2017-10-26 00:39:25 kvd Latex ERROR:  This is pdfeTeX, Version 3.141592-1.21a
2017-10-26 00:41:04 kvd Latex ERROR:  This is pdfeTeX, Version 3.141592-1.21a
2017-10-26 00:43:48 kvd User logged out 
2017-10-26 00:44:00 elena Logged in with admin pass:  
2017-10-26 00:44:06 elena Latex ERROR:  This is pdfeTeX, Version 3.141592-1.21a
2017-10-26 00:44:38 elena Latex ERROR:  This is pdfeTeX, Version 3.141592-1.21a
2017-10-26 00:48:38 elena Latex ERROR:  This is pdfeTeX, Version 3.141592-1.21a
2017-10-26 00:48:48 elena Latex ERROR:  This is pdfeTeX, Version 3.141592-1.21a
2017-10-26 19:15:46 denis Logged in with admin pass:  
2017-10-26 19:24:55 denis User logged out 
2017-10-26 19:25:05 kvd Logged in with admin pass:  
2017-10-26 21:36:55 kvd User logged out 
2017-10-26 21:37:05 osin Logged in with admin pass:  
2017-10-26 22:11:12 osin User logged out 
2017-10-26 22:11:22 denis Logged in with admin pass:  
2017-10-26 22:36:40 denis User logged out 
2017-10-26 22:36:50 osin Logged in with admin pass:  
2017-10-26 22:49:39 osin User logged out 
2017-10-26 22:49:50 denis Logged in with admin pass:  
2017-10-26 22:50:28 denis User logged out 
2017-10-26 22:50:44 osin Logged in with admin pass:  
2017-10-26 22:53:29 osin User logged out 
2017-10-26 22:53:43 fomichev Logged in with admin pass:  
2017-10-26 23:47:53 fomichev User logged out 
2017-10-26 23:48:02 osin Logged in with admin pass:  
2017-10-27 00:12:15 osin User logged out 
2017-10-27 00:12:26 fomichev Logged in with admin pass:  
2017-10-27 00:17:30 fomichev User logged out 
2017-10-27 00:17:48 osin Logged in with admin pass:  
2017-10-27 00:18:24 osin User logged out 
2017-10-27 00:18:36 elena Logged in with admin pass:  
2017-10-27 00:30:30 elena User logged out 
2017-10-27 00:30:38 osin Logged in with admin pass:  
2017-10-27 01:12:28 osin User logged out 
2017-10-27 01:12:40 hegai Logged in with admin pass:  
2017-10-27 01:14:41 hegai User logged out 
2017-10-27 01:14:52 hegai Logged in with admin pass:  
2017-10-27 01:15:55 hegai User logged out 
2017-10-27 01:16:03 osin Logged in with admin pass:  
2017-10-27 01:19:39 osin User logged out 
2017-10-27 01:19:53 fomichev Logged in with admin pass:  
2017-10-27 01:20:36 fomichev User logged out 
2017-10-27 01:20:44 elena Logged in with admin pass:  
2017-10-27 01:20:52 elena User logged out 
2017-10-27 01:21:02 lisindv Logged in with admin pass:  
2017-10-27 01:25:28 lisindv User logged out 
2017-10-27 01:25:38 hegai Logged in with admin pass:  
2017-10-27 01:36:28 hegai User logged out 
2017-10-27 01:36:42 osin Logged in with admin pass:  
2017-10-27 01:37:57 osin User logged out 
2017-10-27 01:38:07 hegai Logged in with admin pass:  
2017-10-27 01:54:40 hegai User logged out 
2017-10-27 01:54:50 lisindv Logged in with admin pass:  
2017-10-27 09:35:42 osin Logged in with admin pass:  
2017-10-27 09:35:53 osin Latex ERROR:  This is pdfeTeX, Version 3.141592-1.21a
2017-10-27 17:40:52 fomichev Logged in with admin pass:  
2017-10-27 17:41:02 fomichev Latex ERROR:  This is pdfeTeX, Version 3.141592-1.21a
2017-10-27 17:53:18 fomichev User logged out 
2017-10-27 17:53:27 osin Logged in with admin pass:  
2017-10-27 17:53:31 osin Latex ERROR:  This is pdfeTeX, Version 3.141592-1.21a
2017-10-27 17:53:46 osin Latex ERROR:  This is pdfeTeX, Version 3.141592-1.21a
2017-10-27 17:55:52 lpkors Latex ERROR:  This is pdfeTeX, Version 3.141592-1.21a
2017-10-27 17:56:10 lpkors Latex ERROR:  This is pdfeTeX, Version 3.141592-1.21a
2017-10-27 17:59:16 osin Latex ERROR:  This is pdfeTeX, Version 3.141592-1.21a
2017-10-27 17:59:41 osin Latex ERROR:  This is pdfeTeX, Version 3.141592-1.21a
2017-10-27 18:00:02 osin Latex ERROR:  This is pdfeTeX, Version 3.141592-1.21a
2017-10-27 18:01:04 habarova Latex ERROR:  This is pdfeTeX, Version 3.141592-1.21a
2017-10-27 18:25:38 usov Latex ERROR:  
2017-10-27 18:25:39 usov Latex ERROR:  
2017-10-27 18:27:59 usov Latex ERROR:  
2017-10-27 18:27:59 usov Latex ERROR:  
2017-10-27 18:29:55 usov Latex ERROR:  
2017-10-27 18:29:55 usov Latex ERROR:  
2017-10-27 18:30:22 usov Latex ERROR:  
2017-10-27 18:30:22 usov Latex ERROR:  
2017-10-27 18:31:01 usov Latex ERROR:  
2017-10-27 18:31:02 usov Latex ERROR:  
2017-10-27 18:32:06 habarova Latex ERROR:  This is pdfeTeX, Version 3.141592-1.21a
2017-10-27 18:32:06 habarova Latex ERROR:  This is pdfeTeX, Version 3.141592-1.21a
2017-10-27 18:32:51 habarova Latex ERROR:  This is pdfeTeX, Version 3.141592-1.21a
2017-10-27 18:32:51 habarova Latex ERROR:  This is pdfeTeX, Version 3.141592-1.21a
2017-10-27 18:33:56 zheka Latex ERROR:  
2017-10-27 18:33:56 zheka Latex ERROR:  
2017-10-27 18:34:15 osin User logged out 
2017-10-27 18:34:23 zheka Logged in with admin pass:  
2017-10-27 18:34:29 zheka Latex ERROR:  
2017-10-27 18:34:32 zheka Latex ERROR:  
2017-10-27 18:35:28 zheka Latex ERROR:  
2017-10-27 18:35:29 zheka Latex ERROR:  
2017-10-27 18:57:47 zheka User logged out 
2017-10-27 18:57:55 osin Logged in with admin pass:  
2017-10-27 19:04:38 depueva Latex ERROR:  
2017-10-27 19:04:38 depueva Latex ERROR:  
2017-10-27 19:07:57 depueva Latex ERROR:  This is pdfeTeX, Version 3.141592-1.21a
2017-10-27 19:08:30 depueva Latex ERROR:  This is pdfeTeX, Version 3.141592-1.21a
2017-10-27 19:08:30 depueva Latex ERROR:  This is pdfeTeX, Version 3.141592-1.21a
2017-10-27 19:08:46 depueva Latex ERROR:  This is pdfeTeX, Version 3.141592-1.21a
2017-10-27 19:08:46 depueva Latex ERROR:  This is pdfeTeX, Version 3.141592-1.21a
2017-10-27 19:11:17 molotkov Latex ERROR:  This is pdfeTeX, Version 3.141592-1.21a
2017-10-27 19:19:26 osin User logged out 
2017-10-27 19:19:35 elena Logged in with admin pass:  
2017-10-27 19:21:12 elena Latex ERROR:  This is pdfeTeX, Version 3.141592-1.21a
2017-10-27 19:32:37 elena Latex ERROR:  This is pdfeTeX, Version 3.141592-1.21a
2017-10-27 19:32:57 elena Latex ERROR:  This is pdfeTeX, Version 3.141592-1.21a
2017-10-27 19:33:08 elena Latex ERROR:  This is pdfeTeX, Version 3.141592-1.21a
2017-10-27 19:33:22 elena Latex ERROR:  This is pdfeTeX, Version 3.141592-1.21a
2017-10-27 20:06:56 elena Latex ERROR:  This is pdfeTeX, Version 3.141592-1.21a
2017-10-27 20:07:13 elena Latex ERROR:  This is pdfeTeX, Version 3.141592-1.21a
2017-10-27 20:07:39 elena Latex ERROR:  This is pdfeTeX, Version 3.141592-1.21a
2017-10-27 20:07:52 elena Latex ERROR:  This is pdfeTeX, Version 3.141592-1.21a
2017-10-27 20:09:06 elena User logged out 
2017-10-27 20:09:14 osin Logged in with admin pass:  
2017-10-27 20:12:33 osin User logged out 
2017-10-27 20:12:43 hegai Logged in with admin pass:  
2017-10-27 20:29:45 hegai User logged out 
2017-10-27 20:29:55 osin Logged in with admin pass:  
2017-10-28 18:51:37 osin User logged out 
2017-10-28 18:51:56 hegai Logged in with admin pass:  
2017-10-28 18:53:40 hegai User logged out 
2017-10-28 18:53:50 fomichev Logged in with admin pass:  
2017-10-28 19:00:32 fomichev User logged out 
2017-10-28 19:00:43 osin Logged in with admin pass:  
2017-10-28 19:00:58 osin User logged out 
2017-10-28 19:01:09 kvd Logged in with admin pass:  
2017-10-28 19:03:17 kvd User logged out 
2017-10-28 19:03:29 fomichev Logged in with admin pass:  
2017-10-28 19:13:28 fomichev User logged out 
2017-10-28 19:13:40 lisindv Logged in with admin pass:  
2017-10-28 19:27:38 lisindv User logged out 
2017-10-28 19:27:49 fomichev Logged in with admin pass:  
2017-10-28 23:03:28 fomichev User logged out 
2017-10-28 23:03:39 lisindv Logged in with admin pass:  
2017-10-28 23:04:09 lisindv User logged out 
2017-10-28 23:04:19 hegai Logged in with admin pass:  
2017-10-28 23:04:35 hegai User logged out 
2017-10-28 23:04:42 osin Logged in with admin pass:  
2017-10-28 23:07:27 osin User logged out 
2017-10-28 23:07:51 hegai Logged in with admin pass:  
2017-10-28 23:09:07 hegai User logged out 
2017-10-28 23:09:16 vpetrov Logged in with admin pass:  
2017-10-28 23:10:31 vpetrov User logged out 
2017-10-28 23:10:42 lisindv Logged in with admin pass:  
2017-10-28 23:12:51 lisindv User logged out 
2017-10-28 23:13:00 yanke Logged in with admin pass:  
2017-10-29 11:49:42 yanke User logged out 
2017-10-29 11:49:55 vpetrov Logged in with admin pass:  
2017-10-29 11:50:26 vpetrov User logged out 
2017-10-29 11:50:36 kvd Logged in with admin pass:  
2017-10-29 11:53:15 kvd User logged out 
2017-10-29 11:53:32 hegai Logged in with admin pass:  
2017-10-29 15:22:45 hegai User logged out 
2017-10-29 15:22:55 fomichev Logged in with admin pass:  
2017-10-29 15:34:11 fomichev User logged out 
2017-10-29 15:34:21 hegai Logged in with admin pass:  
2017-10-29 17:10:54 hegai User logged out 
2017-10-29 17:11:03 lisindv Logged in with admin pass:  
2017-10-29 17:11:31 lisindv User logged out 
2017-10-29 17:11:44 hegai Logged in with admin pass:  
2017-10-29 17:28:16 hegai User logged out 
2017-10-29 17:28:25 lisindv Logged in with admin pass:  
2017-10-29 17:28:37 lisindv User logged out 
2017-10-29 17:28:47 hegai Logged in with admin pass:  
2017-10-29 17:41:05 hegai User logged out 
2017-10-29 17:41:13 kvd Logged in with admin pass:  
2017-10-29 17:50:24 kvd User logged out 
2017-10-29 17:50:34 hegai Logged in with admin pass:  
2017-10-29 17:52:10 hegai User logged out 
2017-10-29 17:53:10 bfilip Logged in with admin pass:  
2017-10-29 17:53:43 bfilip User logged out 
2017-10-29 17:54:07 sfilip Logged in with admin pass:  
2017-10-29 17:55:30 sfilip User logged out 
2017-10-29 17:55:49 vdokukin Logged in with admin pass:  
2017-10-29 17:59:45 vdokukin User logged out 
2017-10-29 18:02:34 Gaidash Logged in with admin pass:  
2017-10-29 18:03:25 Gaidash User logged out 
2017-10-29 18:03:35 abelov Logged in with admin pass:  
2017-10-29 18:05:09 abelov User logged out 
2017-10-29 18:05:19 vgarb Logged in with admin pass:  
2017-10-29 18:07:11 vgarb User logged out 
2017-10-29 18:07:26 sva Logged in with admin pass:  
2017-10-29 18:07:53 sva User logged out 
2017-10-29 18:08:21 starche Logged in with admin pass:  
2017-10-29 18:09:16 starche User logged out 
2017-10-29 18:09:24 sva Logged in with admin pass:  
2017-10-29 18:09:41 sva User logged out 
2017-10-29 18:10:05 ruzhin Logged in with admin pass:  
2017-10-29 18:16:10 ruzhin User logged out 
2017-10-29 18:16:18 rez Logged in with admin pass:  
2017-10-29 18:18:51 rez User logged out 
2017-10-29 18:19:02 semikoz Logged in with admin pass:  
2017-10-29 18:24:25 semikoz User logged out 
2017-10-29 18:24:33 mila Logged in with admin pass:  
2017-10-29 18:26:28 mila User logged out 
2017-10-29 18:26:38 gudosh Logged in with admin pass:  
2017-10-29 18:29:25 gudosh User logged out 
2017-10-29 18:29:34 lisindv Logged in with admin pass:  
2017-10-29 18:35:14 lisindv User logged out 
2017-10-29 18:35:21 evn Logged in with admin pass:  
2017-10-29 18:52:44 evn User logged out 
2017-10-29 18:52:53 lisindv Logged in with admin pass:  
2017-10-29 18:57:53 lisindv User logged out 
2017-10-29 18:58:02 evn Logged in with admin pass:  
2017-10-29 18:59:31 evn User logged out 
2017-10-29 18:59:41 evn Logged in with admin pass:  
2017-10-29 19:01:10 evn User logged out 
2017-10-29 19:01:18 evn Logged in with admin pass:  
2017-10-29 19:02:25 evn User logged out 
2017-10-29 19:02:33 osin Logged in with admin pass:  
2017-10-29 19:02:41 osin User logged out 
2017-10-29 19:02:50 hegai Logged in with admin pass:  
2017-10-29 19:02:58 hegai User logged out 
2017-10-29 19:03:05 rez Logged in with admin pass:  
2017-10-29 19:03:19 rez User logged out 
2017-10-29 19:03:34 ruzhin Logged in with admin pass:  
2017-10-29 19:03:56 ruzhin User logged out 
2017-10-29 19:04:07 evn Logged in with admin pass:  
2017-10-29 19:06:33 evn User logged out 
2017-10-29 19:06:42 osin Logged in with admin pass:  
2017-10-29 19:22:44 osin User logged out 
2017-10-29 19:22:53 hegai Logged in with admin pass:  
2017-10-29 19:23:06 hegai User logged out 
2017-10-29 19:23:14 lisindv Logged in with admin pass:  
2017-10-29 19:23:22 lisindv User logged out 
2017-10-29 19:23:34 evn Logged in with admin pass:  
2017-10-29 19:23:44 evn User logged out 
2017-10-29 19:29:36 evn Logged in with admin pass:  
2017-10-29 19:39:02 evn User logged out 
2017-10-29 19:39:13 osin Logged in with admin pass:  
2017-10-29 19:43:52 osin User logged out 
2017-10-29 19:44:03 evn Logged in with admin pass:  
2017-10-29 20:13:42 evn User logged out 
2017-10-29 20:18:01 bondar Logged in with admin pass:  
2017-10-29 20:21:15 bondar User logged out 
2017-10-29 20:21:29 ishkova Logged in with admin pass:  
2017-10-29 20:22:09 ishkova User logged out 
2017-10-29 20:22:18 hegai Logged in with admin pass:  
2017-10-29 20:22:59 hegai User logged out 
2017-10-29 20:23:08 ishkova Logged in with admin pass:  
2017-10-29 20:25:52 ishkova User logged out 
2017-10-29 20:26:02 lisindv Logged in with admin pass:  
2017-10-29 20:29:55 lisindv User logged out 
2017-10-29 20:30:04 hegai Logged in with admin pass:  
2017-10-29 20:33:37 hegai User logged out 
2017-10-29 20:33:47 lisindv Logged in with admin pass:  
2017-10-29 20:40:23 lisindv User logged out 
2017-10-29 20:40:34 hegai Logged in with admin pass:  
2017-10-29 20:40:45 hegai User logged out 
2017-10-29 20:40:54 lisindv Logged in with admin pass:  
2017-10-29 20:43:04 lisindv User logged out 
2017-10-29 20:43:13 hegai Logged in with admin pass:  
2017-10-29 20:44:00 hegai User logged out 
2017-10-29 20:44:12 lisindv Logged in with admin pass:  
2017-10-29 20:59:04 lisindv User logged out 
2017-10-29 20:59:13 hegai Logged in with admin pass:  
2017-10-29 21:00:38 hegai User logged out 
2017-10-29 21:00:47 lisindv Logged in with admin pass:  
2017-10-29 21:03:12 lisindv User logged out 
2017-10-29 21:03:23 evn Logged in with admin pass:  
2017-10-29 21:03:54 evn User logged out 
2017-10-29 21:04:05 osin Logged in with admin pass:  
2017-10-29 21:04:22 osin User logged out 
2017-10-29 21:04:35 gudosh Logged in with admin pass:  
2017-10-29 22:03:44 gudosh User logged out 
2017-10-29 22:03:56 semikoz Logged in with admin pass:  
2017-10-31 19:42:04 evn Logged in with admin pass:  
2017-11-01 21:10:09 hegai Logged in with admin pass:  
2017-11-01 22:11:37 hegai Logged in with admin pass:  
2017-11-03 19:12:34 hegai Logged in with admin pass:  
2017-11-03 20:00:21 hegai User logged out 
2017-11-03 20:00:31 osin Logged in with admin pass:  
2017-11-03 20:41:32 osin User logged out 
2017-11-03 20:41:44 fomichev Logged in with admin pass:  
2017-11-03 20:43:39 fomichev User logged out 
2017-11-03 20:43:50 denis Logged in with admin pass:  
2017-11-03 20:44:30 denis User logged out 
2017-11-03 20:45:29 hegai Logged in with admin pass:  
2017-11-04 11:42:17 hegai User logged out 
2017-11-04 11:42:31 hegai Logged in with admin pass:  
2017-11-04 11:48:42 hegai User logged out 
2017-11-04 11:48:52 ruzhin Logged in with admin pass:  
2017-11-04 13:14:20 ruzhin User logged out 
2017-11-04 13:14:31 denis Logged in with admin pass:  
2017-11-04 13:22:38 denis User logged out 
2017-11-04 13:22:48 evn Logged in with admin pass:  
2017-11-04 13:37:54 evn User logged out 
2017-11-04 13:38:04 denis Logged in with admin pass:  
2017-11-04 13:38:28 denis User logged out 
2017-11-04 13:38:55 elena Logged in with admin pass:  
2017-11-04 14:09:30 elena User logged out 
2017-11-04 14:09:41 fomichev Logged in with admin pass:  
2017-11-04 14:34:47 elena Logged in with admin pass:  
2017-11-04 19:26:04 elena User logged out 
2017-11-04 19:26:16 elena Logged in with admin pass:  
2017-11-04 19:28:25 elena Logged in with admin pass:  
2017-11-04 19:30:35 elena User logged out 
2017-11-04 19:30:48 fomichev Logged in with admin pass:  
2017-11-04 19:34:28 elena User logged out 
2017-11-04 19:34:43 fomichev Logged in with admin pass:  
2017-11-04 19:39:12 fomichev User logged out 
2017-11-04 19:39:25 elena Logged in with admin pass:  
2017-11-04 19:40:16 fomichev User logged out 
2017-11-04 19:40:28 elena Logged in with admin pass:  
2017-11-04 20:47:20 elena User logged out 
2017-11-04 20:47:31 denis Logged in with admin pass:  
2017-11-04 20:50:06 denis User logged out 
2017-11-04 20:53:14 denis Logged in with admin pass:  
2017-11-04 20:53:26 denis User logged out 
2017-11-04 20:53:40 elena Logged in with admin pass:  
2017-11-05 11:31:36 elena Logged in with admin pass:  
2017-11-05 14:51:12 elena Logged in with admin pass:  
2017-11-05 23:00:35 elena User logged out 
2017-11-05 23:00:49 fomichev Logged in with admin pass:  
2017-11-06 00:08:55 fomichev User logged out 
2017-11-06 00:09:04 denis Logged in with admin pass:  
2017-11-06 00:09:46 denis User logged out 
2017-11-06 00:09:56 kvd Logged in with admin pass:  
2017-11-06 00:12:21 kvd User logged out 
2017-11-06 00:12:33 fomichev Logged in with admin pass:  
2017-11-06 11:58:34 denis Logged in with admin pass:  
2017-11-06 11:59:48 denis User logged out 
2017-11-06 12:00:05 evn Logged in with admin pass:  
2017-11-06 12:23:38 evn User logged out 
2017-11-06 12:23:46 osin Logged in with admin pass:  
2017-11-06 12:24:15 osin User logged out 
2017-11-06 12:24:31 hegai Logged in with admin pass:  
2017-11-06 12:24:45 hegai User logged out 
2017-11-06 12:24:55 evn Logged in with admin pass:  
2017-11-08 20:18:14 evn Logged in with admin pass:  
2017-11-08 21:27:09 evn User logged out 
2017-11-08 21:28:36 hegai Logged in with admin pass:  
2017-11-08 21:31:07 hegai User logged out 
2017-11-08 21:31:23 fomichev Logged in with admin pass:  
2017-11-08 21:33:11 fomichev User logged out 
2017-11-08 21:33:20 hegai Logged in with admin pass:  
2017-11-08 21:35:12 hegai User logged out 
2017-11-08 21:35:24 fomichev Logged in with admin pass:  
2017-11-08 21:36:12 fomichev User logged out 
2017-11-08 21:36:21 hegai Logged in with admin pass:  
2017-11-08 21:47:51 hegai User logged out 
2017-11-08 21:48:01 evn Logged in with admin pass:  
2017-11-09 20:34:02 denis Logged in with admin pass:  
2017-11-09 20:34:14 denis User logged out 
2017-11-09 20:34:23 osin Logged in with admin pass:  
2017-11-10 19:01:37 denis Logged in with admin pass:  
2017-11-10 19:14:20 denis User logged out 
2017-11-10 19:14:28 denis Logged in with admin pass:  
2017-11-11 21:30:52 denis User logged out 
2017-11-11 21:31:03 denis Logged in:  
2017-11-11 21:31:09 denis User logged out 
2017-11-11 21:31:18 denis Logged in with admin pass:  
2017-11-11 21:35:01 denis User logged out 
2017-11-11 21:35:14 denis Logged in:  
2017-11-11 22:15:32 denis User logged out 
2017-11-11 22:15:40 denis Logged in:  
2017-11-11 22:16:47 denis User logged out 
2017-11-11 22:16:59 denis Logged in:  
2017-11-12 08:27:45 denis Logged in with admin pass:  
2017-11-12 10:09:15 denis User logged out 
2017-11-12 10:09:30 elena Logged in with admin pass:  
2017-11-12 10:42:56 elena User logged out 
2017-11-12 10:43:03 denis Logged in with admin pass:  
2017-11-12 10:43:57 denis User logged out 
2017-11-12 10:44:05 kvd Logged in with admin pass:  
2017-11-12 10:53:29 kvd User logged out 
2017-11-12 10:53:39 denis Logged in with admin pass:  
2017-11-12 10:53:54 denis User logged out 
2017-11-12 10:54:03 elena Logged in with admin pass:  
2017-11-12 10:58:47 denis Logged in with admin pass:  
2017-11-12 13:32:04 elena User logged out 
2017-11-12 13:32:14 denis Logged in with admin pass:  
2017-11-12 13:48:11 denis User logged out 
2017-11-12 13:48:19 elena Logged in with admin pass:  
2017-11-12 13:48:54 elena User logged out 
2017-11-12 13:49:05 hegai Logged in with admin pass:  
2017-11-12 13:49:46 hegai User logged out 
2017-11-12 13:49:55 denis Logged in with admin pass:  
2017-11-12 14:00:28 denis User logged out 
2017-11-12 14:00:43 elena Logged in with admin pass:  
2017-11-12 14:01:11 elena User logged out 
2017-11-12 14:01:36 osin Logged in with admin pass:  
2017-11-12 14:04:40 osin User logged out 
2017-11-12 14:04:49 denis Logged in with admin pass:  
2017-11-12 15:05:17 denis User logged out 
2017-11-12 15:05:28 elena Logged in with admin pass:  
2017-11-12 15:06:42 elena User logged out 
2017-11-12 15:33:06 denis Access ERROR :   access error incorrect password!
2017-11-12 15:33:19 denissds Access ERROR :   access error incorrect login!
2017-11-12 15:48:51 try342dfsdf Access ERROR :   access error incorrect login!
2017-11-12 15:49:54 вапвап Access ERROR :   access error incorrect login!
2017-11-12 15:51:48 ertrt Access ERROR :   access error incorrect login!
2017-11-12 15:54:37 dsds Access ERROR :   access error incorrect login!
2017-11-12 15:55:02 wqeqe Access ERROR :   access error incorrect login!
2017-11-12 15:56:45 wqewqe Access ERROR :   access error incorrect login!
2017-11-12 15:56:58 denis Access ERROR :   access error incorrect password!
2017-11-12 15:57:25 asdsad Access ERROR :   access error incorrect login!
2017-11-12 15:57:31 asdsad Access ERROR :   access error incorrect login!
2017-11-12 15:58:08 eqwe Access ERROR :   access error incorrect login!
2017-11-12 15:58:36 wewe Access ERROR :   access error incorrect login!
2017-11-12 16:11:59 sadas Access ERROR :   access error incorrect login!
2017-11-12 16:12:09 sadasdsd Access ERROR :   access error incorrect login!
2017-11-12 16:12:15 denis Access ERROR :   access error incorrect password!
2017-11-12 16:12:32 deniswe Access ERROR :   access error incorrect login!
2017-11-12 16:13:01 deniswe Access ERROR :   access error incorrect login!
2017-11-12 16:13:09 sadasd Access ERROR :   access error incorrect login!
2017-11-12 16:13:36 sadasd Access ERROR :   access error incorrect login!
2017-11-12 16:13:55 asdsad Access ERROR :   access error incorrect login!
2017-11-12 16:14:32 sdfd Access ERROR :   access error incorrect login!
2017-11-12 16:15:04 xvxc Access ERROR :   access error incorrect login!
2017-11-12 16:15:23 fdgdg Access ERROR :   access error incorrect login!
2017-11-12 16:29:11 куе Access ERROR :   access error incorrect login!
2017-11-12 16:29:24 denis Access ERROR :   access error incorrect password!
2017-11-12 16:39:42 sdasd Access ERROR :   access error incorrect login!
2017-11-12 16:45:07 dsfdsf Access ERROR :   access error incorrect login!
2017-11-12 16:45:14 sfds Access ERROR :   access error incorrect login!
2017-11-12 16:47:49 sfds Access ERROR :   access error incorrect login!
2017-11-12 16:50:55 dfdsf Access ERROR :   access error incorrect login!
2017-11-12 16:56:52 denis Logged in with admin pass:  
2017-11-12 17:11:16 denis User logged out 
2017-11-12 20:49:44 denis Logged in with admin pass:  
2017-11-12 20:49:56 denis User logged out 
2017-11-12 20:57:33 denis Logged in with admin pass:  
2017-11-12 20:59:01 denis User logged out 
2017-11-12 21:02:25 erewr Access ERROR :   access error incorrect login!
2017-11-12 21:08:34 denis Logged in with admin pass:  
2017-11-12 21:13:59 denis User logged out 
2017-11-12 21:14:25 denis Logged in with admin pass:  
2017-11-12 21:15:51 denis User logged out 
2017-11-12 21:16:10 denis Logged in with admin pass:  
2017-11-12 21:16:35 denis User logged out 
2017-11-12 21:16:50 evn Logged in with admin pass:  
2017-11-12 21:17:01 evn User logged out 
2017-11-12 21:54:38 denis Logged in with admin pass:  
2017-11-12 22:03:19 denis User logged out 
2017-11-12 22:09:28 denis Logged in with admin pass:  
2017-11-12 22:13:24 denis User logged out 
2017-11-12 22:13:39 osin Logged in with admin pass:  
2017-11-12 22:20:00 osin User logged out 
2017-11-12 22:20:10 denis Logged in with admin pass:  
2017-11-12 22:35:02 denis User logged out 
2017-11-12 22:38:11 denis Logged in with admin pass:  
2017-11-12 22:44:14 denis User logged out 
2017-11-12 22:44:37 denis Logged in with admin pass:  
2017-11-12 22:51:50 denis User logged out 
2017-11-12 22:52:01 hegai Logged in with admin pass:  
2017-11-12 22:59:29 hegai User logged out 
2017-11-12 22:59:37 denis Logged in with admin pass:  
2017-11-12 23:00:21 denis User logged out 
2017-11-12 23:17:19 denis Logged in with admin pass:  
2017-11-12 23:17:33 denis User logged out 
2017-11-12 23:17:47 elena Logged in with admin pass:  
2017-11-12 23:18:24 elena User logged out 
2017-11-12 23:25:17 denis Logged in with admin pass:  
2017-11-12 23:39:03 denis User logged out 
2017-11-12 23:39:20 denis Access ERROR :   access error incorrect password!
2017-11-12 23:39:26 denis Logged in with admin pass:  
2017-11-12 23:39:56 denis User logged out 
2017-11-19 15:10:40 svin Access ERROR :   access error incorrect password!
2017-11-19 15:10:46 svin Logged in:  
2017-11-19 15:12:06 svin User logged out 
2017-11-19 15:12:16 svin Access ERROR :   access error incorrect password!
2017-11-19 15:12:21 svin Logged in:  
2017-11-19 15:12:46 svin User logged out 
2017-11-19 15:20:01 svinm Logged in:  
2017-11-19 17:10:10 svinm User logged out 
2017-11-19 21:04:34 mila Logged in with admin pass:  
2017-11-19 21:37:13 mila User logged out 
2017-11-20 22:35:34 denis Logged in with admin pass:  
2017-11-21 21:04:30 elena Logged in with admin pass:  
2017-11-22 19:57:05 denis Logged in with admin pass:  
2017-11-22 20:01:21 denis User logged out 
2017-11-22 20:01:28 osin Logged in with admin pass:  
2017-11-22 20:19:54 elena Logged in with admin pass:  
2017-11-22 20:21:04 elena User logged out 
2017-11-22 20:21:17 denis Logged in with admin pass:  
